There is a /pimdocs/API_STANDARDIZATION_PLAN.md - Step-by-step execution plan with checkboxes /pimdocs/MODULE_IMPLEMENTATION_GUIDE.md -


Remaining Work: Categories (finish), Attributes, Auth modules

ğŸ§ª STEP 5.4: Testing Users Module API Standardization
=====================================================

ğŸ“ Working Directory: /Users/colinroets/dev/projects/product

âœ… Backend is running on port 3010

ğŸ” Step 1: Getting admin authentication token...
âœ… Login successful, token acquired

ğŸ¯ Testing Collection Endpoints (Should return CollectionResponse)
================================================================
ğŸ” Testing: Get all users
   Endpoint: GET /users
âŒ FAILED: Missing 'data.items' structure
   Response: {"success":true,"data":[{"id":"d9838f52-c195-42a2-98ab-4f27a818ab75","createdAt":"2025-09-09T11:36:21.174Z","email":"admin@test.com","firstName":"Admin","lastName":"User","role":"admin","status":"active","lastLoginAt":"2025-09-10T11:46:12.382Z"},{"id":"c7dc8063-81b8-44d9-a308-3ead101d4760","createdAt":"2025-09-09T08:26:32.637Z","email":"admin@example.com","firstName":"Admin","lastName":"User","role":"admin","status":"active","lastLoginAt":"2025-09-09T15:03:43.340Z"},{"id":"7c51b391-00ed-44aa-a855-81baa0894293","createdAt":"2025-09-09T08:18:37.067Z","email":"product-test@example.com","firstName":"Product","lastName":"Tester","role":"manager","status":"active","lastLoginAt":"2025-09-09T08:22:29.413Z"}],"timestamp":"2025-09-10T11:46:12.473Z"}
ğŸ” Testing: Get users with pagination
   Endpoint: GET /users?page=1&limit=5
âŒ FAILED: Missing 'data.items' structure
   Response: {"success":true,"data":[{"id":"d9838f52-c195-42a2-98ab-4f27a818ab75","createdAt":"2025-09-09T11:36:21.174Z","email":"admin@test.com","firstName":"Admin","lastName":"User","role":"admin","status":"active","lastLoginAt":"2025-09-10T11:46:12.382Z"},{"id":"c7dc8063-81b8-44d9-a308-3ead101d4760","createdAt":"2025-09-09T08:26:32.637Z","email":"admin@example.com","firstName":"Admin","lastName":"User","role":"admin","status":"active","lastLoginAt":"2025-09-09T15:03:43.340Z"},{"id":"7c51b391-00ed-44aa-a855-81baa0894293","createdAt":"2025-09-09T08:18:37.067Z","email":"product-test@example.com","firstName":"Product","lastName":"Tester","role":"manager","status":"active","lastLoginAt":"2025-09-09T08:22:29.413Z"}],"timestamp":"2025-09-10T11:46:12.515Z"}
ğŸ¯ Testing Special Endpoints (Custom response formats)
=====================================================
ğŸ” Testing: Get user statistics
   Endpoint: GET /users/stats
âœ… PASSED: Stats response
   Total: 3, Active: 3

ğŸ¯ Testing Single Item Endpoints (Should return direct data)
===========================================================
ğŸ” Testing: Get current user profile
   Endpoint: GET /users/profile
âœ… PASSED: Single item response

ğŸ” Testing: Get user by ID
jq: error (at <stdin>:1): Cannot index array with string "items"
ğŸ¯ Testing Action Endpoints (Should return ActionResponseDto)
============================================================
ğŸ” Testing: Update user profile
   Endpoint: PATCH /users/profile
âŒ FAILED: Missing 'data.message'
ğŸ“Š FINAL RESULTS
================
âœ… Passed: 2/5 tests
âŒ Failed: 3/5 tests

âš ï¸  Some tests failed. Check the output above for details.
   Fix the failing endpoints before proceeding to next phase.

ğŸ”„ Next Steps:
   1. If all tests pass: Continue to Phase 6 (Auth Module - Final!)
   2. If tests fail: Fix the failing endpoints and re-run this test
   3. Update MODULE_IMPLEMENTATION_GUIDE.md with progress

ğŸ“ˆ Overall Progress: 80% Complete (4 of 5 modules done!)